<?xml version="1.0" encoding="UTF-8"?>
<!-- Generated by org.testng.reporters.JUnitReportReporter -->
<testsuite skipped="0" hostname="VAIO" name="com.crm.qa.testcases.LoginPageTest" tests="3" failures="0" timestamp="07 Mar 2019 11:31:39 GMT" time="119.689" errors="0">
  <testcase name="loginpageTitle" time="16.236" classname="com.crm.qa.testcases.LoginPageTest"/>
  <testcase name="crmLogoimageTest" time="84.372" classname="com.crm.qa.testcases.LoginPageTest"/>
  <testcase name="login" time="19.081" classname="com.crm.qa.testcases.LoginPageTest"/>
</testsuite> <!-- com.crm.qa.testcases.LoginPageTest -->
